2024-09-18 10:50:53 [main] INFO  testCases.TC_AccountRegistration_Test - ********** driver is initiating *********
2024-09-18 10:50:54 [main] INFO  testCases.TC_AccountRegistration_Test - ********** driver is initiating *********
2024-09-18 10:51:18 [main] INFO  testCases.TC_AccountRegistration_Test - ********** Student Registred successfully.*********
2024-09-18 11:05:31 [main] INFO  testCases.TC_AccountRegistration_Test - ********** driver is initiating *********
2024-09-18 11:05:31 [main] INFO  testCases.TC_AccountRegistration_Test - ********** driver is initiating *********
2024-09-18 11:05:56 [main] INFO  testCases.TC_AccountRegistration_Test - ********** Student Registred successfully.*********
2024-09-18 11:07:22 [main] INFO  testCases.TC_AccountRegistration_Test - ********** driver is initiating *********
2024-09-18 11:07:22 [main] INFO  testCases.TC_AccountRegistration_Test - ********** driver is initiating *********
2024-09-18 11:07:38 [main] INFO  testCases.TC_AccountRegistration_Test - ********** Student Registred successfully.*********
2024-09-18 12:51:39 [main] INFO  testCases.TC_AccountRegistration_Test - ********** driver is initiating *********
2024-09-18 12:51:39 [main] INFO  testCases.TC_AccountRegistration_Test - ********** driver is initiating *********
2024-09-18 12:51:54 [main] INFO  testCases.TC_AccountRegistration_Test - ********** Student Registred successfully.*********
2024-09-18 12:55:04 [main] INFO  testCases.TC_AccountRegistration_Test - ********** driver is initiating *********
2024-09-18 12:55:04 [main] INFO  testCases.TC_AccountRegistration_Test - ********** driver is initiating *********
2024-09-18 12:55:28 [main] INFO  testCases.TC_AccountRegistration_Test - ********** Student Registred successfully.*********
2024-09-18 12:56:03 [main] INFO  testCases.TC_AccountRegistration_Test - ********** driver is initiating *********
2024-09-18 12:56:03 [main] INFO  testCases.TC_AccountRegistration_Test - ********** driver is initiating *********
2024-09-18 12:56:27 [main] INFO  testCases.TC_AccountRegistration_Test - ********** Student Registred successfully.*********
2024-09-18 13:05:38 [main] INFO  testCases.TC_AccountRegistration_Test - ********** driver is initiating *********
2024-09-18 13:05:38 [main] INFO  testCases.TC_AccountRegistration_Test - ********** driver is initiating *********
2024-09-18 13:06:03 [main] INFO  testCases.TC_AccountRegistration_Test - ********** Student Registred successfully.*********
2024-09-18 13:06:11 [main] INFO  testCases.TC_AccountRegistration_Test - ********** driver is initiating *********
2024-09-18 13:06:11 [main] INFO  testCases.TC_AccountRegistration_Test - ********** driver is initiating *********
2024-09-18 13:06:35 [main] INFO  testCases.TC_AccountRegistration_Test - ********** Student Registred successfully.*********
2024-09-18 13:06:44 [main] INFO  testCases.TC_AccountRegistration_Test - ********** driver is initiating *********
2024-09-18 13:06:44 [main] INFO  testCases.TC_AccountRegistration_Test - ********** driver is initiating *********
2024-09-18 13:07:08 [main] INFO  testCases.TC_AccountRegistration_Test - ********** Student Registred successfully.*********
2024-09-18 13:08:07 [TestNG-tests-1] INFO  testCases.TC_AccountRegistration_Test - ********** driver is initiating *********
2024-09-18 13:08:07 [TestNG-tests-1] INFO  testCases.TC_AccountRegistration_Test - ********** driver is initiating *********
2024-09-18 13:08:09 [TestNG-tests-3] INFO  testCases.TC_AccountRegistration_Test - ********** driver is initiating *********
2024-09-18 13:08:09 [TestNG-tests-3] INFO  testCases.TC_AccountRegistration_Test - ********** driver is initiating *********
2024-09-18 13:08:10 [TestNG-tests-2] INFO  testCases.TC_AccountRegistration_Test - ********** driver is initiating *********
2024-09-18 13:08:11 [TestNG-tests-2] INFO  testCases.TC_AccountRegistration_Test - ********** driver is initiating *********
2024-09-18 13:08:32 [TestNG-tests-1] INFO  testCases.TC_AccountRegistration_Test - ********** Student Registred successfully.*********
2024-09-18 13:08:34 [TestNG-tests-3] INFO  testCases.TC_AccountRegistration_Test - ********** Student Registred successfully.*********
2024-09-18 13:08:35 [TestNG-tests-2] INFO  testCases.TC_AccountRegistration_Test - ********** Student Registred successfully.*********
2024-09-18 13:42:18 [main] INFO  testCases.TC_AccountRegistration_Test - ********** driver is initiating *********
2024-09-18 13:42:19 [main] INFO  testCases.TC_AccountRegistration_Test - ********** driver is initiating *********
2024-09-18 13:42:42 [main] INFO  testCases.TC_AccountRegistration_Test - ********** Student Registred successfully.*********
2024-09-20 15:10:42 [main] INFO  testCases.TC_Login_Test - ***********Starting Tc_Login_Test***************
2024-09-20 15:11:51 [main] INFO  testCases.TC_Login_Test - ***********Starting Tc_Login_Test***************
2024-09-20 15:12:51 [main] INFO  testCases.TC_Login_Test - ***********Starting Tc_Login_Test***************
2024-09-20 15:17:50 [main] INFO  testCases.TC_Login_Test - ***********Starting Tc_Login_Test***************
2024-09-20 15:20:33 [main] INFO  testCases.TC_Login_Test - ***********Starting Tc_Login_Test***************
2024-09-20 15:27:40 [main] INFO  testCases.TC_Login_Test - ***********Starting Tc_Login_Test***************
2024-09-20 15:27:55 [main] INFO  testCases.TC_Login_Test - *********Account logined successfully.************
2024-09-23 15:23:52 [main] INFO  testCases.TC_LoginTest_DDT - ***********Starting Tc_Login_Test***************
2024-09-23 15:24:09 [main] INFO  testCases.TC_LoginTest_DDT - ***********Starting Tc_Login_Test***************
2024-09-23 15:24:16 [main] INFO  testCases.TC_LoginTest_DDT - ***********Starting Tc_Login_Test***************
2024-09-23 15:24:16 [main] INFO  testCases.TC_LoginTest_DDT - ***********Starting Tc_Login_Test***************
2024-09-23 15:24:16 [main] INFO  testCases.TC_LoginTest_DDT - ***********Starting Tc_Login_Test***************
2024-09-23 15:25:17 [main] INFO  testCases.TC_LoginTest_DDT - ***********Starting Tc_Login_Test***************
2024-09-23 15:25:37 [main] INFO  testCases.TC_LoginTest_DDT - ***********Starting Tc_Login_Test***************
2024-09-23 15:25:44 [main] INFO  testCases.TC_LoginTest_DDT - ***********Starting Tc_Login_Test***************
2024-09-23 15:25:44 [main] INFO  testCases.TC_LoginTest_DDT - ***********Starting Tc_Login_Test***************
2024-09-23 15:25:44 [main] INFO  testCases.TC_LoginTest_DDT - ***********Starting Tc_Login_Test***************
2024-09-23 15:28:09 [main] INFO  testCases.TC_LoginTest_DDT - ***********Starting Tc_Login_Test***************
2024-09-23 15:28:28 [main] INFO  testCases.TC_LoginTest_DDT - ***********Starting Tc_Login_Test***************
2024-09-23 15:28:35 [main] INFO  testCases.TC_LoginTest_DDT - ***********Starting Tc_Login_Test***************
2024-09-23 15:28:35 [main] INFO  testCases.TC_LoginTest_DDT - ***********Starting Tc_Login_Test***************
2024-09-23 15:28:35 [main] INFO  testCases.TC_LoginTest_DDT - ***********Starting Tc_Login_Test***************
2024-09-23 15:35:13 [main] INFO  testCases.TC_LoginTest_DDT - ***********Starting Tc_Login_Test***************
2024-09-23 15:35:33 [main] INFO  testCases.TC_LoginTest_DDT - ***********Starting Tc_Login_Test***************
2024-09-23 15:35:39 [main] INFO  testCases.TC_LoginTest_DDT - ***********Starting Tc_Login_Test***************
2024-09-23 15:35:39 [main] INFO  testCases.TC_LoginTest_DDT - ***********Starting Tc_Login_Test***************
2024-09-23 15:35:40 [main] INFO  testCases.TC_LoginTest_DDT - ***********Starting Tc_Login_Test***************
2024-09-23 15:37:59 [main] INFO  testCases.TC_LoginTest_DDT - ***********Starting Tc_Login_Test***************
2024-09-23 15:38:22 [main] INFO  testCases.TC_LoginTest_DDT - ***********Starting Tc_Login_Test***************
2024-09-23 15:38:33 [main] INFO  testCases.TC_LoginTest_DDT - ***********Starting Tc_Login_Test***************
2024-09-23 15:38:33 [main] INFO  testCases.TC_LoginTest_DDT - ***********Starting Tc_Login_Test***************
2024-09-23 15:38:33 [main] INFO  testCases.TC_LoginTest_DDT - ***********Starting Tc_Login_Test***************
2024-09-23 15:43:06 [main] INFO  testCases.TC_LoginTest_DDT - ***********Starting Tc_Login_Test***************
2024-09-23 15:43:26 [main] INFO  testCases.TC_LoginTest_DDT - ***********Starting Tc_Login_Test***************
2024-09-23 15:43:44 [main] INFO  testCases.TC_LoginTest_DDT - ***********Starting Tc_Login_Test***************
2024-09-23 15:43:58 [main] INFO  testCases.TC_LoginTest_DDT - ***********Starting Tc_Login_Test***************
2024-09-23 15:44:05 [main] INFO  testCases.TC_LoginTest_DDT - ***********Starting Tc_Login_Test***************
2024-09-23 15:53:01 [main] INFO  testCases.TC_LoginTest_DDT - ***********Starting Tc_Login_Test***************
2024-09-23 15:53:23 [main] INFO  testCases.TC_LoginTest_DDT - ***********Starting Tc_Login_Test***************
2024-09-23 15:53:42 [main] INFO  testCases.TC_LoginTest_DDT - ***********Starting Tc_Login_Test***************
2024-09-23 15:53:56 [main] INFO  testCases.TC_LoginTest_DDT - ***********Starting Tc_Login_Test***************
2024-09-23 15:54:15 [main] INFO  testCases.TC_LoginTest_DDT - ***********Starting Tc_Login_Test***************
2024-09-23 16:36:33 [main] INFO  testCases.TC_AccountRegistration_Test - ********** driver is initiating *********
2024-09-23 16:36:33 [main] INFO  testCases.TC_AccountRegistration_Test - ********** driver is initiating *********
2024-09-23 16:36:58 [main] INFO  testCases.TC_AccountRegistration_Test - ********** Student Registred successfully.*********
2024-09-23 16:38:14 [main] INFO  testCases.TC_Login_Test - ***********Starting Tc_Login_Test***************
2024-09-23 16:38:27 [main] INFO  testCases.TC_Login_Test - *********Account logined successfully.************
2024-09-23 16:39:44 [main] INFO  testCases.TC_AccountRegistration_Test - ********** driver is initiating *********
2024-09-23 16:39:44 [main] INFO  testCases.TC_AccountRegistration_Test - ********** driver is initiating *********
2024-09-23 16:40:09 [main] INFO  testCases.TC_AccountRegistration_Test - ********** Student Registred successfully.*********
2024-09-23 16:40:15 [main] INFO  testCases.TC_Login_Test - ***********Starting Tc_Login_Test***************
2024-09-23 16:40:29 [main] INFO  testCases.TC_Login_Test - *********Account logined successfully.************
2024-09-24 15:45:28 [main] INFO  testCases.TC_AccountRegistration_Test - ********** driver is initiating *********
2024-09-24 15:45:28 [main] INFO  testCases.TC_AccountRegistration_Test - ********** driver is initiating *********
2024-09-24 15:45:53 [main] INFO  testCases.TC_AccountRegistration_Test - ********** Student Registred successfully.*********
2024-09-24 15:46:04 [main] INFO  testCases.TC_Login_Test - ***********Starting Tc_Login_Test***************
2024-09-24 15:46:20 [main] INFO  testCases.TC_Login_Test - *********Account logined successfully.************
2024-09-28 17:46:23 [main] INFO  testCases.TC_AccountRegistration_Test - ********** driver is initiating *********
2024-09-28 17:46:23 [main] INFO  testCases.TC_AccountRegistration_Test - ********** driver is initiating *********
2024-09-28 17:46:31 [main] ERROR testCases.TC_AccountRegistration_Test - ******** Test Failed*********
2024-09-30 11:13:40 [main] INFO  testCases.TC_AccountRegistration_Test - ********** driver is initiating *********
2024-09-30 11:13:40 [main] INFO  testCases.TC_AccountRegistration_Test - ********** driver is initiating *********
2024-09-30 11:14:39 [main] INFO  testCases.TC_AccountRegistration_Test - ********** Student Registred successfully.*********
2024-09-30 11:14:45 [main] INFO  testCases.TC_Login_Test - ***********Starting Tc_Login_Test***************
2024-09-30 11:14:59 [main] INFO  testCases.TC_Login_Test - *********Account logined successfully.************
2024-09-30 11:18:31 [main] INFO  testCases.TC_AccountRegistration_Test - ********** driver is initiating *********
2024-09-30 11:18:31 [main] INFO  testCases.TC_AccountRegistration_Test - ********** driver is initiating *********
2024-09-30 11:19:38 [main] INFO  testCases.TC_AccountRegistration_Test - ********** Student Registred successfully.*********
2024-09-30 11:19:44 [main] INFO  testCases.TC_Login_Test - ***********Starting Tc_Login_Test***************
2024-09-30 11:19:58 [main] INFO  testCases.TC_Login_Test - *********Account logined successfully.************
2024-09-30 11:24:25 [main] INFO  testCases.TC_Login_Test - ***********Starting Tc_Login_Test***************
2024-09-30 11:24:39 [main] INFO  testCases.TC_Login_Test - *********Account logined successfully.************
2024-09-30 11:26:43 [main] INFO  testCases.TC_Login_Test - ***********Starting Tc_Login_Test***************
2024-09-30 11:26:57 [main] INFO  testCases.TC_Login_Test - *********Account logined successfully.************
2024-09-30 11:27:47 [main] INFO  testCases.TC_Login_Test - ***********Starting Tc_Login_Test***************
2024-09-30 11:28:00 [main] INFO  testCases.TC_Login_Test - *********Account logined successfully.************
2024-09-30 11:29:06 [main] INFO  testCases.TC_Login_Test - ***********Starting Tc_Login_Test***************
2024-09-30 11:29:19 [main] INFO  testCases.TC_Login_Test - *********Account logined successfully.************
2024-09-30 12:33:10 [main] INFO  testCases.TC_AccountRegistration_Test - ********** driver is initiating *********
2024-09-30 12:33:10 [main] INFO  testCases.TC_AccountRegistration_Test - ********** driver is initiating *********
2024-09-30 12:33:30 [main] INFO  testCases.TC_AccountRegistration_Test - ********** Student Registred successfully.*********
2024-09-30 12:33:37 [main] INFO  testCases.TC_Login_Test - ***********Starting Tc_Login_Test***************
2024-10-03 15:02:01 [main] INFO  testCases.TC_AccountRegistration_Test - ********** driver is initiating *********
2024-10-03 15:02:01 [main] INFO  testCases.TC_AccountRegistration_Test - ********** driver is initiating *********
2024-10-03 15:02:26 [main] INFO  testCases.TC_AccountRegistration_Test - ********** Student Registred successfully.*********
2024-10-03 15:02:32 [main] INFO  testCases.TC_Login_Test - ***********Starting Tc_Login_Test***************
2024-10-03 15:05:06 [TestNG-tests-1] INFO  testCases.TC_AccountRegistration_Test - ********** driver is initiating *********
2024-10-03 15:05:06 [TestNG-tests-1] INFO  testCases.TC_AccountRegistration_Test - ********** driver is initiating *********
2024-10-03 15:05:06 [TestNG-tests-2] INFO  testCases.TC_AccountRegistration_Test - ********** driver is initiating *********
2024-10-03 15:05:06 [TestNG-tests-2] ERROR testCases.TC_AccountRegistration_Test - ******** Test Failed*********
2024-10-03 15:05:08 [TestNG-tests-1] ERROR testCases.TC_AccountRegistration_Test - ******** Test Failed*********
2024-10-03 15:05:22 [TestNG-tests-3] INFO  testCases.TC_AccountRegistration_Test - ********** driver is initiating *********
2024-10-03 15:05:23 [TestNG-tests-3] INFO  testCases.TC_AccountRegistration_Test - ********** driver is initiating *********
2024-10-03 15:05:46 [TestNG-tests-3] INFO  testCases.TC_AccountRegistration_Test - ********** Student Registred successfully.*********
2024-10-03 15:39:14 [main] INFO  testCases.TC_AccountRegistration_Test - ********** driver is initiating *********
2024-10-03 15:39:14 [main] INFO  testCases.TC_AccountRegistration_Test - ********** driver is initiating *********
2024-10-03 15:39:38 [main] INFO  testCases.TC_AccountRegistration_Test - ********** Student Registred successfully.*********
2024-10-03 15:39:43 [main] INFO  testCases.TC_Login_Test - ***********Starting Tc_Login_Test***************
2024-10-03 15:43:14 [main] INFO  testCases.TC_AccountRegistration_Test - ********** driver is initiating *********
2024-10-03 15:43:14 [main] INFO  testCases.TC_AccountRegistration_Test - ********** driver is initiating *********
2024-10-03 15:43:39 [main] INFO  testCases.TC_AccountRegistration_Test - ********** Student Registred successfully.*********
2024-10-03 15:43:44 [main] INFO  testCases.TC_Login_Test - ***********Starting Tc_Login_Test***************
2024-10-04 12:54:51 [main] INFO  testCases.TC_AccountRegistration_Test - ********** driver is initiating *********
2024-10-04 12:54:51 [main] INFO  testCases.TC_AccountRegistration_Test - ********** driver is initiating *********
2024-10-04 12:55:17 [main] INFO  testCases.TC_AccountRegistration_Test - ********** Student Registred successfully.*********
2024-10-04 12:55:23 [main] INFO  testCases.TC_Login_Test - ***********Starting Tc_Login_Test***************
2024-10-04 13:05:18 [TestNG-tests-2] INFO  testCases.TC_AccountRegistration_Test - ********** driver is initiating *********
2024-10-04 13:05:18 [TestNG-tests-2] INFO  testCases.TC_AccountRegistration_Test - ********** driver is initiating *********
2024-10-04 13:05:24 [TestNG-tests-1] INFO  testCases.TC_AccountRegistration_Test - ********** driver is initiating *********
2024-10-04 13:05:24 [TestNG-tests-1] ERROR testCases.TC_AccountRegistration_Test - ******** Test Failed*********
2024-10-04 13:05:26 [TestNG-tests-2] ERROR testCases.TC_AccountRegistration_Test - ******** Test Failed*********
2024-10-04 15:19:09 [TestNG-tests-1] INFO  testCases.TC_AccountRegistration_Test - ********** driver is initiating *********
2024-10-04 15:19:09 [TestNG-tests-1] ERROR testCases.TC_AccountRegistration_Test - ******** Test Failed*********
2025-01-03 16:21:41 [main] INFO  testCases.TC_AccountRegistration_Test - ********** driver is initiating *********
2025-01-03 16:21:42 [main] INFO  testCases.TC_AccountRegistration_Test - ********** driver is initiating *********
2025-01-03 16:22:07 [main] INFO  testCases.TC_AccountRegistration_Test - ********** Student Registred successfully.*********
2025-01-03 16:31:32 [main] INFO  testCases.TC_AccountRegistration_Test - ********** driver is initiating *********
2025-01-03 16:31:32 [main] INFO  testCases.TC_AccountRegistration_Test - ********** driver is initiating *********
2025-01-03 16:31:42 [main] ERROR testCases.TC_AccountRegistration_Test - ******** Test Failed*********
2025-01-15 17:57:44 [main] INFO  testCases.TC_AccountRegistration_Test - ********** driver is initiating *********
2025-01-15 17:57:44 [main] INFO  testCases.TC_AccountRegistration_Test - ********** driver is initiating *********
2025-01-15 17:57:53 [main] ERROR testCases.TC_AccountRegistration_Test - ******** Test Failed*********
2025-01-18 12:28:00 [main] INFO  testCases.TC_AccountRegistration_Test - ********** driver is initiating *********
2025-01-18 12:28:00 [main] INFO  testCases.TC_AccountRegistration_Test - ********** driver is initiating *********
2025-01-18 12:28:10 [main] ERROR testCases.TC_AccountRegistration_Test - ******** Test Failed*********
2025-01-18 13:01:20 [main] INFO  testCases.TC_AccountRegistration_Test - ********** driver is initiating *********
2025-01-18 13:01:20 [main] ERROR testCases.TC_AccountRegistration_Test - ******** Test Failed*********
2025-01-18 13:02:11 [TestNG-tests-1] INFO  testCases.TC_AccountRegistration_Test - ********** driver is initiating *********
2025-01-18 13:02:11 [TestNG-tests-1] ERROR testCases.TC_AccountRegistration_Test - ******** Test Failed*********
2025-01-18 13:02:21 [TestNG-tests-2] INFO  testCases.TC_AccountRegistration_Test - ********** driver is initiating *********
2025-01-18 13:02:21 [TestNG-tests-2] INFO  testCases.TC_AccountRegistration_Test - ********** driver is initiating *********
2025-01-18 13:02:41 [TestNG-tests-2] ERROR testCases.TC_AccountRegistration_Test - ******** Test Failed*********
2025-01-18 13:03:32 [main] INFO  testCases.TC_AccountRegistration_Test - ********** driver is initiating *********
2025-01-18 13:03:32 [main] ERROR testCases.TC_AccountRegistration_Test - ******** Test Failed*********
2025-01-18 13:04:13 [main] INFO  testCases.TC_AccountRegistration_Test - ********** driver is initiating *********
2025-01-18 13:04:14 [main] INFO  testCases.TC_AccountRegistration_Test - ********** driver is initiating *********
2025-01-18 13:04:30 [main] ERROR testCases.TC_AccountRegistration_Test - ******** Test Failed*********
2025-01-18 13:10:40 [main] INFO  testCases.TC_AccountRegistration_Test - ********** driver is initiating *********
2025-01-18 13:10:40 [main] INFO  testCases.TC_AccountRegistration_Test - ********** driver is initiating *********
2025-01-18 13:10:55 [main] ERROR testCases.TC_AccountRegistration_Test - ******** Test Failed*********
2025-01-18 13:11:57 [main] INFO  testCases.TC_AccountRegistration_Test - ********** driver is initiating *********
2025-01-18 13:11:57 [main] INFO  testCases.TC_AccountRegistration_Test - ********** driver is initiating *********
2025-01-18 13:12:16 [main] ERROR testCases.TC_AccountRegistration_Test - ******** Test Failed*********
2025-02-01 16:15:21 [main] INFO  testCases.TC_AccountRegistration_Test - ********** driver is initiating *********
2025-02-01 16:15:21 [main] INFO  testCases.TC_AccountRegistration_Test - ********** driver is initiating *********
2025-02-01 16:15:40 [main] ERROR testCases.TC_AccountRegistration_Test - ******** Test Failed*********
2025-02-01 16:22:09 [main] INFO  testCases.TC_AccountRegistration_Test - ********** driver is initiating *********
2025-02-01 16:22:09 [main] INFO  testCases.TC_AccountRegistration_Test - ********** driver is initiating *********
2025-02-01 16:22:29 [main] INFO  testCases.TC_AccountRegistration_Test - ********** Student Registred successfully.*********
2025-02-03 11:47:52 [main] INFO  testCases.TC_AccountRegistration_Test - ********** driver is initiating *********
2025-02-03 11:47:52 [main] INFO  testCases.TC_AccountRegistration_Test - ********** driver is initiating *********
2025-02-03 11:48:14 [main] INFO  testCases.TC_AccountRegistration_Test - ********** Student Registred successfully.*********
2025-02-03 12:46:06 [main] INFO  testCases.TC_AccountRegistration_Test - ********** driver is initiating *********
2025-02-03 12:46:06 [main] INFO  testCases.TC_AccountRegistration_Test - ********** driver is initiating *********
2025-02-03 12:46:28 [main] INFO  testCases.TC_AccountRegistration_Test - ********** Student Registred successfully.*********
2025-02-03 14:44:02 [main] INFO  testCases.TC_AccountRegistration_Test - ********** driver is initiating *********
2025-02-03 14:44:02 [main] INFO  testCases.TC_AccountRegistration_Test - ********** driver is initiating *********
2025-02-03 14:44:24 [main] INFO  testCases.TC_AccountRegistration_Test - ********** Student Registred successfully.*********
2025-02-03 14:50:32 [main] INFO  testCases.TC_AccountRegistration_Test - ********** driver is initiating *********
2025-02-03 14:50:32 [main] INFO  testCases.TC_AccountRegistration_Test - ********** driver is initiating *********
2025-02-03 14:50:53 [main] INFO  testCases.TC_AccountRegistration_Test - ********** Student Registred successfully.*********
2025-02-11 12:36:12 [main] INFO  testCases.TC_AccountRegistration_Test - ********** driver is initiating *********
2025-02-11 12:36:12 [main] INFO  testCases.TC_AccountRegistration_Test - ********** driver is initiating *********
2025-02-11 12:36:34 [main] INFO  testCases.TC_AccountRegistration_Test - ********** Student Registred successfully.*********
2025-02-11 12:38:05 [main] INFO  testCases.TC_AccountRegistration_Test - ********** driver is initiating *********
2025-02-11 12:38:06 [main] INFO  testCases.TC_AccountRegistration_Test - ********** driver is initiating *********
2025-02-11 12:38:27 [main] INFO  testCases.TC_AccountRegistration_Test - ********** Student Registred successfully.*********
2025-02-11 12:54:26 [main] INFO  testCases.TC_AccountRegistration_Test - ********** driver is initiating *********
2025-02-11 12:54:26 [main] INFO  testCases.TC_AccountRegistration_Test - ********** driver is initiating *********
2025-02-11 12:54:47 [main] INFO  testCases.TC_AccountRegistration_Test - ********** Student Registred successfully.*********
2025-02-12 16:07:47 [main] INFO  testCases.TC_AccountRegistration_Test - ********** driver is initiating *********
2025-02-12 16:07:47 [main] INFO  testCases.TC_AccountRegistration_Test - ********** driver is initiating *********
2025-02-12 16:08:09 [main] INFO  testCases.TC_AccountRegistration_Test - ********** Student Registred successfully.*********
2025-02-19 15:15:07 [main] INFO  testCases.TC_AccountRegistration_Test - ********** driver is initiating *********
2025-02-19 15:15:07 [main] INFO  testCases.TC_AccountRegistration_Test - ********** driver is initiating *********
2025-02-19 15:15:29 [main] INFO  testCases.TC_AccountRegistration_Test - ********** Student Registred successfully.*********
2025-02-19 15:17:15 [main] INFO  testCases.TC_AccountRegistration_Test - ********** driver is initiating *********
2025-02-19 15:17:15 [main] INFO  testCases.TC_AccountRegistration_Test - ********** driver is initiating *********
2025-02-19 15:17:36 [main] INFO  testCases.TC_AccountRegistration_Test - ********** Student Registred successfully.*********
2025-02-19 15:20:48 [main] INFO  testCases.TC_AccountRegistration_Test - ********** driver is initiating *********
2025-02-19 15:20:49 [main] INFO  testCases.TC_AccountRegistration_Test - ********** driver is initiating *********
2025-02-19 15:21:10 [main] INFO  testCases.TC_AccountRegistration_Test - ********** Student Registred successfully.*********
2025-02-19 16:12:23 [main] INFO  testCases.TC_AccountRegistration_Test - ********** driver is initiating *********
2025-02-19 16:12:24 [main] INFO  testCases.TC_AccountRegistration_Test - ********** driver is initiating *********
2025-02-19 16:12:46 [main] INFO  testCases.TC_AccountRegistration_Test - ********** Student Registred successfully.*********
2025-02-19 16:14:08 [main] INFO  testCases.TC_AccountRegistration_Test - ********** driver is initiating *********
2025-02-19 16:14:08 [main] INFO  testCases.TC_AccountRegistration_Test - ********** driver is initiating *********
2025-02-19 16:14:30 [main] INFO  testCases.TC_AccountRegistration_Test - ********** Student Registred successfully.*********
2025-02-19 16:17:52 [main] INFO  testCases.TC_AccountRegistration_Test - ********** driver is initiating *********
2025-02-19 16:17:53 [main] INFO  testCases.TC_AccountRegistration_Test - ********** driver is initiating *********
2025-02-19 16:18:15 [main] INFO  testCases.TC_AccountRegistration_Test - ********** Student Registred successfully.*********
2025-02-19 16:18:20 [main] ERROR testCases.TC_AccountRegistration_Test - ******** Test Failed*********
2025-02-19 16:20:17 [main] INFO  testCases.TC_AccountRegistration_Test - ********** driver is initiating *********
2025-02-19 16:20:17 [main] INFO  testCases.TC_AccountRegistration_Test - ********** driver is initiating *********
2025-02-19 16:20:39 [main] INFO  testCases.TC_AccountRegistration_Test - ********** Student Registred successfully.*********
